SF:lib/ConstructorVehiculo.dart
DA:7,1
DA:8,2
DA:15,1
DA:16,2
DA:19,1
DA:20,1
LF:6
LH:6
end_of_record
SF:lib/Director.dart
DA:11,1
DA:13,1
DA:16,1
DA:17,1
DA:18,2
DA:21,1
DA:22,2
DA:23,2
DA:24,2
DA:25,2
DA:26,3
DA:27,4
DA:30,1
DA:31,1
DA:34,1
DA:35,1
DA:38,1
DA:39,1
LF:18
LH:18
end_of_record
SF:lib/ConstructorMoto.dart
DA:6,1
DA:8,2
DA:11,1
DA:13,2
DA:16,1
DA:18,2
LF:6
LH:6
end_of_record
SF:lib/ConstructorAutomovil.dart
DA:5,1
DA:7,2
DA:10,1
DA:12,2
DA:15,1
DA:17,2
LF:6
LH:6
end_of_record
SF:lib/ConstructorCamion.dart
DA:5,1
DA:7,2
DA:10,1
DA:12,2
DA:15,1
DA:17,2
LF:6
LH:6
end_of_record
SF:lib/Vehiculo.dart
DA:7,1
DA:9,5
LF:2
LH:2
end_of_record
SF:lib/EstrategiaEco.dart
DA:5,1
DA:7,1
LF:2
LH:2
end_of_record
SF:lib/EstrategiaDeportiva.dart
DA:5,1
DA:7,1
LF:2
LH:2
end_of_record
